\BOOKMARK [1][-]{section.1}{Introduzione}{}% 1
\BOOKMARK [2][-]{subsection.1.1}{Note esplicative}{section.1}% 2
\BOOKMARK [1][-]{section.2}{Ambiente Aziendale}{}% 3
\BOOKMARK [1][-]{section.3}{Analisi dei problemi}{}% 4
\BOOKMARK [2][-]{subsection.3.1}{Tecniche di computer vision}{section.3}% 5
\BOOKMARK [2][-]{subsection.3.2}{Computer vision applicata su immagini ad alta risoluzione}{section.3}% 6
\BOOKMARK [2][-]{subsection.3.3}{Frammentazione dell'immagine}{section.3}% 7
\BOOKMARK [1][-]{section.4}{Progettazione}{}% 8
\BOOKMARK [2][-]{subsection.4.1}{Progettazione algoritmo per riconoscimento di elementi in un'immagine frammentata}{section.4}% 9
\BOOKMARK [3][-]{subsubsection.4.1.1}{Scomposizione del frame originale in regioni}{subsection.4.1}% 10
\BOOKMARK [3][-]{subsubsection.4.1.2}{Rimozione degli elementi individuati pi\371 volte all'interno delle aree di sovrapposizione}{subsection.4.1}% 11
\BOOKMARK [3][-]{subsubsection.4.1.3}{Creazione di raggruppamenti di labels correlate}{subsection.4.1}% 12
\BOOKMARK [3][-]{subsubsection.4.1.4}{Raggruppamenti di labels utilizzati come region proposal}{subsection.4.1}% 13
\BOOKMARK [1][-]{section.5}{Tecnologie}{}% 14
\BOOKMARK [2][-]{subsection.5.1}{Python}{section.5}% 15
\BOOKMARK [2][-]{subsection.5.2}{Pycharm}{section.5}% 16
\BOOKMARK [2][-]{subsection.5.3}{Tensorflow}{section.5}% 17
\BOOKMARK [2][-]{subsection.5.4}{OpenCV}{section.5}% 18
\BOOKMARK [2][-]{subsection.5.5}{Numpy}{section.5}% 19
\BOOKMARK [2][-]{subsection.5.6}{Matplotlib}{section.5}% 20
\BOOKMARK [2][-]{subsection.5.7}{Pytest}{section.5}% 21
\BOOKMARK [1][-]{section.6}{Sviluppo}{}% 22
\BOOKMARK [2][-]{subsection.6.1}{Sviluppo algoritmo per riconoscimento di elementi in un'immagine frammentata}{section.6}% 23
\BOOKMARK [3][-]{subsubsection.6.1.1}{Implementazione}{subsection.6.1}% 24
\BOOKMARK [3][-]{subsubsection.6.1.2}{Test di integrazione}{subsection.6.1}% 25
\BOOKMARK [1][-]{section.7}{Risultati ottenuti}{}% 26
\BOOKMARK [1][-]{section.8}{Glossario}{}% 27
\BOOKMARK [1][-]{section.9}{Bibliografia}{}% 28
\BOOKMARK [1][-]{section.10}{Appendice}{}% 29
